Build started 2/21/2018 8:29:44 AM.
     1>Project "C:\Users\User\Desktop\interpreter\Python-Interpreter\Interpreter\Interpreter.vcxproj" on node 2 (Build target(s)).
     1>ClCompile:
         C:\Program Files (x86)\Microsoft Visual Studio 12.0\VC\bin\CL.exe /c /ZI /nologo /W3 /WX- /sdl /Od /Oy- /D _MBCS /Gm /EHsc /RTC1 /MDd /GS /fp:precise /Zc:wchar_t /Zc:forScope /Fo"Debug\\" /Fd"Debug\vc120.pdb" /Gd /TP /analyze- /errorReport:prompt List.cpp Sequence.cpp String.cpp interpreter.cpp parser.cpp
         interpreter.cpp
         String.cpp
         Sequence.cpp
         Generating Code...
         Skipping... (no relevant changes detected)
         parser.cpp
         List.cpp
       Link:
         C:\Program Files (x86)\Microsoft Visual Studio 12.0\VC\bin\link.exe /ERRORREPORT:PROMPT /OUT:"C:\Users\User\Desktop\interpreter\Python-Interpreter\Debug\Interpreter.exe" /INCREMENTAL /NOLOGO kernel32.lib user32.lib gdi32.lib winspool.lib comdlg32.lib advapi32.lib shell32.lib ole32.lib oleaut32.lib uuid.lib odbc32.lib odbccp32.lib /MANIFEST /MANIFESTUAC:"level='asInvoker' uiAccess='false'" /manifest:embed /DEBUG /PDB:"C:\Users\User\Desktop\interpreter\Python-Interpreter\Debug\Interpreter.pdb" /TLBID:1 /DYNAMICBASE /NXCOMPAT /IMPLIB:"C:\Users\User\Desktop\interpreter\Python-Interpreter\Debug\Interpreter.lib" /MACHINE:X86 Debug\Boolean.obj
         Debug\Helper.obj
         Debug\IndentationException.obj
         Debug\Integer.obj
         Debug\interpreter.obj
         Debug\List.obj
         Debug\NameErrorException.obj
         Debug\parser.obj
         Debug\Sequence.obj
         Debug\String.obj
         Debug\SyntaxException.obj
         Debug\Type.obj
         Debug\Void.obj
         Interpreter.vcxproj -> C:\Users\User\Desktop\interpreter\Python-Interpreter\Debug\Interpreter.exe
     1>Done Building Project "C:\Users\User\Desktop\interpreter\Python-Interpreter\Interpreter\Interpreter.vcxproj" (Build target(s)).

Build succeeded.

Time Elapsed 00:00:01.87
